nohup: ignoring input
2026-07-01T16:47:51Z INF Thank you for trying Cloudflare Tunnel. Doing so, without a Cloudflare account, is a quick way to experiment and try it out. However, be aware that these account-less Tunnels have no uptime guarantee, are subject to the Cloudflare Online Services Terms of Use (https://www.cloudflare.com/website-terms/), and Cloudflare reserves the right to investigate your use of Tunnels for violations of such terms. If you intend to use Tunnels in production you should use a pre-created named tunnel by following: https://developers.cloudflare.com/cloudflare-one/connections/connect-apps
2026-07-01T16:47:51Z INF Requesting new quick Tunnel on trycloudflare.com...
2026-07-01T16:47:56Z INF +--------------------------------------------------------------------------------------------+
2026-07-01T16:47:56Z INF |  Your quick Tunnel has been created! Visit it at (it may take some time to be reachable):  |
2026-07-01T16:47:56Z INF |  https://vpn-onion-airfare-navigation.trycloudflare.com                                    |
2026-07-01T16:47:56Z INF +--------------------------------------------------------------------------------------------+
2026-07-01T16:47:56Z INF Cannot determine default configuration path. No file [config.yml config.yaml] in [~/.cloudflared ~/.cloudflare-warp ~/cloudflare-warp /etc/cloudflared /usr/local/etc/cloudflared]
2026-07-01T16:47:56Z INF Version 2026.6.1 (Checksum 59816ce9b16db71f5bc2a86d59b3632a96c8c3ee934bde2bc8641ee83a6070eb)
2026-07-01T16:47:56Z INF GOOS: linux, GOVersion: go1.26.4, GoArch: arm64
2026-07-01T16:47:56Z INF Settings: map[ha-connections:1 protocol:quic url:http://localhost:5000]
2026-07-01T16:47:56Z INF cloudflared will not automatically update if installed by a package manager.
2026-07-01T16:47:56Z INF Generated Connector ID: 2c8d4dc2-b965-4332-95af-8db1bf49a294
2026-07-01T16:47:56Z INF Initial protocol quic
2026-07-01T16:47:56Z INF ICMP proxy will use 172.20.10.2 as source for IPv4
2026-07-01T16:47:56Z INF ICMP proxy will use 240b:c020:4b2:9ed0:8aa2:9eff:fe6f:f295 in zone wlan0 as source for IPv6
2026-07-01T16:47:56Z INF ICMP proxy will use 172.20.10.2 as source for IPv4
2026-07-01T16:47:56Z INF ICMP proxy will use 240b:c020:4b2:9ed0:8aa2:9eff:fe6f:f295 in zone wlan0 as source for IPv6
2026-07-01T16:47:56Z INF Starting metrics server on 127.0.0.1:20243/metrics
2026-07-01T16:47:56Z INF Tunnel connection curve preferences: [X25519MLKEM768 CurveID(65074) CurveP256] connIndex=0 event=0 ip=2606:4700:a8::7
2026-07-01T16:47:57Z INF Registered tunnel connection connIndex=0 connection=1476407e-2813-496e-b9a1-cf8153841baf event=0 ip=2606:4700:a8::7 location=kix06 protocol=quic
2026-07-01T16:47:57Z INF +-------------------------------------------------------------------------------------+
2026-07-01T16:47:57Z INF |                               CONNECTIVITY PRE-CHECKS                               |
2026-07-01T16:47:57Z INF +-------------------------------------------------------------------------------------+
2026-07-01T16:47:57Z INF |  COMPONENT         TARGET                     STATUS  DETAILS                       |
2026-07-01T16:47:57Z INF |  DNS Resolution    region1.v2.argotunnel.com  PASS    DNS Resolved successfully     |
2026-07-01T16:47:57Z INF |  DNS Resolution    region2.v2.argotunnel.com  PASS    DNS Resolved successfully     |
2026-07-01T16:47:57Z INF |  UDP Connectivity  region1.v2.argotunnel.com  PASS    QUIC connection successful    |
2026-07-01T16:47:57Z INF |  UDP Connectivity  region2.v2.argotunnel.com  PASS    QUIC connection successful    |
2026-07-01T16:47:57Z INF |  TCP Connectivity  region1.v2.argotunnel.com  PASS    HTTP/2 connection successful  |
2026-07-01T16:47:57Z INF |  TCP Connectivity  region2.v2.argotunnel.com  PASS    HTTP/2 connection successful  |
2026-07-01T16:47:57Z INF |  Cloudflare API    api.cloudflare.com:443     PASS    API is reachable              |
2026-07-01T16:47:57Z INF |                                                                                     |
2026-07-01T16:47:57Z INF |  SUMMARY: Environment is healthy. cloudflared will use 'quic' as primary protocol.  |
2026-07-01T16:47:57Z INF +-------------------------------------------------------------------------------------+
2026-07-01T16:47:57Z INF precheck component="DNS Resolution" details="DNS Resolved successfully" run_id=aa50a9ac-2597-45e5-b077-e3888f5f532e status=pass target=region1.v2.argotunnel.com
2026-07-01T16:47:57Z INF precheck component="DNS Resolution" details="DNS Resolved successfully" run_id=aa50a9ac-2597-45e5-b077-e3888f5f532e status=pass target=region2.v2.argotunnel.com
2026-07-01T16:47:57Z INF precheck component="UDP Connectivity" details="QUIC connection successful" run_id=aa50a9ac-2597-45e5-b077-e3888f5f532e status=pass target=region1.v2.argotunnel.com
2026-07-01T16:47:57Z INF precheck component="UDP Connectivity" details="QUIC connection successful" run_id=aa50a9ac-2597-45e5-b077-e3888f5f532e status=pass target=region2.v2.argotunnel.com
2026-07-01T16:47:57Z INF precheck component="TCP Connectivity" details="HTTP/2 connection successful" run_id=aa50a9ac-2597-45e5-b077-e3888f5f532e status=pass target=region1.v2.argotunnel.com
2026-07-01T16:47:57Z INF precheck component="TCP Connectivity" details="HTTP/2 connection successful" run_id=aa50a9ac-2597-45e5-b077-e3888f5f532e status=pass target=region2.v2.argotunnel.com
2026-07-01T16:47:57Z INF precheck component="Cloudflare API" details="API is reachable" run_id=aa50a9ac-2597-45e5-b077-e3888f5f532e status=pass target=api.cloudflare.com:443
2026-07-01T16:47:57Z INF precheck complete hard_fail=false run_id=aa50a9ac-2597-45e5-b077-e3888f5f532e suggested_protocol=quic
2026-07-01T16:51:25Z ERR  error="Incoming request ended abruptly: context canceled" connIndex=0 event=1 ingressRule=0 originService=http://localhost:5000
2026-07-01T16:51:25Z ERR Request failed error="Incoming request ended abruptly: context canceled" connIndex=0 dest=https://vpn-onion-airfare-navigation.trycloudflare.com/callback event=0 ip=2606:4700:a8::7 type=http
2026-07-01T16:52:27Z ERR  error="Incoming request ended abruptly: context canceled" connIndex=0 event=1 ingressRule=0 originService=http://localhost:5000
2026-07-01T16:52:27Z ERR Request failed error="Incoming request ended abruptly: context canceled" connIndex=0 dest=https://vpn-onion-airfare-navigation.trycloudflare.com/callback event=0 ip=2606:4700:a8::7 type=http
2026-07-01T16:52:59Z ERR  error="Incoming request ended abruptly: context canceled" connIndex=0 event=1 ingressRule=0 originService=http://localhost:5000
2026-07-01T16:52:59Z ERR Request failed error="Incoming request ended abruptly: context canceled" connIndex=0 dest=https://vpn-onion-airfare-navigation.trycloudflare.com/callback event=0 ip=2606:4700:a8::7 type=http
